# JRE version: OpenJDK Runtime Environment (8.0_242) (build 1.8.0_242-release-1644-b3-6222593)
# Java VM: OpenJDK 64-Bit Server VM (25.242-b3-6222593 mixed mode linux-amd64 compressed oops)
Heap:
 PSYoungGen      total 202240K, used 63024K [0x00000000e0000000, 0x00000000ee800000, 0x0000000100000000)
  eden space 194560K, 32% used [0x00000000e0000000,0x00000000e3d8c268,0x00000000ebe00000)
  from space 7680K, 0% used [0x00000000ebe00000,0x00000000ebe00000,0x00000000ec580000)
  to   space 15360K, 0% used [0x00000000ed900000,0x00000000ed900000,0x00000000ee800000)
 ParOldGen       total 148480K, used 16976K [0x00000000a0000000, 0x00000000a9100000, 0x00000000e0000000)
  object space 148480K, 11% used [0x00000000a0000000,0x00000000a1094148,0x00000000a9100000)
 Metaspace       used 38596K, capacity 39968K, committed 40104K, reserved 1083392K
  class space    used 5303K, capacity 5684K, committed 5808K, reserved 1048576K
GC Heap History (10 events):
Event: 2.706 GC heap before
{Heap before GC invocations=3 (full 0):
 PSYoungGen      total 104960K, used 101626K [0x00000000e0000000, 0x00000000e6e00000, 0x0000000100000000)
  eden space 97280K, 97% used [0x00000000e0000000,0x00000000e5c2a848,0x00000000e5f00000)
  from space 7680K, 94% used [0x00000000e6680000,0x00000000e6d94308,0x00000000e6e00000)
  to   space 7680K, 0% used [0x00000000e5f00000,0x00000000e5f00000,0x00000000e6680000)
 ParOldGen       total 128512K, used 16K [0x00000000a0000000, 0x00000000a7d80000, 0x00000000e0000000)
  object space 128512K, 0% used [0x00000000a0000000,0x00000000a0004000,0x00000000a7d80000)
 Metaspace       used 20592K, capacity 21226K, committed 21296K, reserved 1067008K
  class space    used 2893K, capacity 3083K, committed 3120K, reserved 1048576K
Event: 2.719 GC heap after
Heap after GC invocations=3 (full 0):
 PSYoungGen      total 104960K, used 7655K [0x00000000e0000000, 0x00000000ecd00000, 0x0000000100000000)
  eden space 97280K, 0% used [0x00000000e0000000,0x00000000e0000000,0x00000000e5f00000)
  from space 7680K, 99% used [0x00000000e5f00000,0x00000000e6679f68,0x00000000e6680000)
  to   space 7680K, 0% used [0x00000000ec580000,0x00000000ec580000,0x00000000ecd00000)
 ParOldGen       total 128512K, used 6530K [0x00000000a0000000, 0x00000000a7d80000, 0x00000000e0000000)
  object space 128512K, 5% used [0x00000000a0000000,0x00000000a0660a08,0x00000000a7d80000)
 Metaspace       used 20592K, capacity 21226K, committed 21296K, reserved 1067008K
  class space    used 2893K, capacity 3083K, committed 3120K, reserved 1048576K
}
Event: 2.719 GC heap before
{Heap before GC invocations=4 (full 1):
 PSYoungGen      total 104960K, used 7655K [0x00000000e0000000, 0x00000000ecd00000, 0x0000000100000000)
  eden space 97280K, 0% used [0x00000000e0000000,0x00000000e0000000,0x00000000e5f00000)
  from space 7680K, 99% used [0x00000000e5f00000,0x00000000e6679f68,0x00000000e6680000)
  to   space 7680K, 0% used [0x00000000ec580000,0x00000000ec580000,0x00000000ecd00000)
 ParOldGen       total 128512K, used 6530K [0x00000000a0000000, 0x00000000a7d80000, 0x00000000e0000000)
  object space 128512K, 5% used [0x00000000a0000000,0x00000000a0660a08,0x00000000a7d80000)
 Metaspace       used 20592K, capacity 21226K, committed 21296K, reserved 1067008K
  class space    used 2893K, capacity 3083K, committed 3120K, reserved 1048576K
Event: 2.755 GC heap after
Heap after GC invocations=4 (full 1):
 PSYoungGen      total 104960K, used 0K [0x00000000e0000000, 0x00000000ecd00000, 0x0000000100000000)
  eden space 97280K, 0% used [0x00000000e0000000,0x00000000e0000000,0x00000000e5f00000)
  from space 7680K, 0% used [0x00000000e5f00000,0x00000000e5f00000,0x00000000e6680000)
  to   space 7680K, 0% used [0x00000000ec580000,0x00000000ec580000,0x00000000ecd00000)
 ParOldGen       total 95232K, used 13666K [0x00000000a0000000, 0x00000000a5d00000, 0x00000000e0000000)
  object space 95232K, 14% used [0x00000000a0000000,0x00000000a0d589d8,0x00000000a5d00000)
 Metaspace       used 20592K, capacity 21226K, committed 21296K, reserved 1067008K
  class space    used 2893K, capacity 3083K, committed 3120K, reserved 1048576K
}
Event: 3.899 GC heap before
{Heap before GC invocations=5 (full 1):
 PSYoungGen      total 104960K, used 97280K [0x00000000e0000000, 0x00000000ecd00000, 0x0000000100000000)
  eden space 97280K, 100% used [0x00000000e0000000,0x00000000e5f00000,0x00000000e5f00000)
  from space 7680K, 0% used [0x00000000e5f00000,0x00000000e5f00000,0x00000000e6680000)
  to   space 7680K, 0% used [0x00000000ec580000,0x00000000ec580000,0x00000000ecd00000)
 ParOldGen       total 95232K, used 13666K [0x00000000a0000000, 0x00000000a5d00000, 0x00000000e0000000)
  object space 95232K, 14% used [0x00000000a0000000,0x00000000a0d589d8,0x00000000a5d00000)
 Metaspace       used 30836K, capacity 31564K, committed 31920K, reserved 1077248K
  class space    used 4204K, capacity 4435K, committed 4528K, reserved 1048576K
Event: 3.909 GC heap after
Heap after GC invocations=5 (full 1):
 PSYoungGen      total 148992K, used 7671K [0x00000000e0000000, 0x00000000ecd00000, 0x0000000100000000)
  eden space 141312K, 0% used [0x00000000e0000000,0x00000000e0000000,0x00000000e8a00000)
  from space 7680K, 99% used [0x00000000ec580000,0x00000000eccfdde8,0x00000000ecd00000)
  to   space 7680K, 0% used [0x00000000ebe00000,0x00000000ebe00000,0x00000000ec580000)
 ParOldGen       total 95232K, used 16848K [0x00000000a0000000, 0x00000000a5d00000, 0x00000000e0000000)
  object space 95232K, 17% used [0x00000000a0000000,0x00000000a10743e8,0x00000000a5d00000)
 Metaspace       used 30836K, capacity 31564K, committed 31920K, reserved 1077248K
  class space    used 4204K, capacity 4435K, committed 4528K, reserved 1048576K
}
Event: 4.839 GC heap before
{Heap before GC invocations=6 (full 1):
 PSYoungGen      total 148992K, used 92805K [0x00000000e0000000, 0x00000000ecd00000, 0x0000000100000000)
  eden space 141312K, 60% used [0x00000000e0000000,0x00000000e5323668,0x00000000e8a00000)
  from space 7680K, 99% used [0x00000000ec580000,0x00000000eccfdde8,0x00000000ecd00000)
  to   space 7680K, 0% used [0x00000000ebe00000,0x00000000ebe00000,0x00000000ec580000)
 ParOldGen       total 95232K, used 16848K [0x00000000a0000000, 0x00000000a5d00000, 0x00000000e0000000)
  object space 95232K, 17% used [0x00000000a0000000,0x00000000a10743e8,0x00000000a5d00000)
 Metaspace       used 34467K, capacity 35366K, committed 35496K, reserved 1079296K
  class space    used 4714K, capacity 4972K, committed 5040K, reserved 1048576K
Event: 4.851 GC heap after
Heap after GC invocations=6 (full 1):
 PSYoungGen      total 202240K, used 7652K [0x00000000e0000000, 0x00000000ee800000, 0x0000000100000000)
  eden space 194560K, 0% used [0x00000000e0000000,0x00000000e0000000,0x00000000ebe00000)
  from space 7680K, 99% used [0x00000000ebe00000,0x00000000ec5791e8,0x00000000ec580000)
  to   space 15360K, 0% used [0x00000000ed900000,0x00000000ed900000,0x00000000ee800000)
 ParOldGen       total 95232K, used 19682K [0x00000000a0000000, 0x00000000a5d00000, 0x00000000e0000000)
  object space 95232K, 20% used [0x00000000a0000000,0x00000000a13389c8,0x00000000a5d00000)
 Metaspace       used 34467K, capacity 35366K, committed 35496K, reserved 1079296K
  class space    used 4714K, capacity 4972K, committed 5040K, reserved 1048576K
}
Event: 4.851 GC heap before
{Heap before GC invocations=7 (full 2):
 PSYoungGen      total 202240K, used 7652K [0x00000000e0000000, 0x00000000ee800000, 0x0000000100000000)
  eden space 194560K, 0% used [0x00000000e0000000,0x00000000e0000000,0x00000000ebe00000)
  from space 7680K, 99% used [0x00000000ebe00000,0x00000000ec5791e8,0x00000000ec580000)
  to   space 15360K, 0% used [0x00000000ed900000,0x00000000ed900000,0x00000000ee800000)
 ParOldGen       total 95232K, used 19682K [0x00000000a0000000, 0x00000000a5d00000, 0x00000000e0000000)
  object space 95232K, 20% used [0x00000000a0000000,0x00000000a13389c8,0x00000000a5d00000)
 Metaspace       used 34467K, capacity 35366K, committed 35496K, reserved 1079296K
  class space    used 4714K, capacity 4972K, committed 5040K, reserved 1048576K
Event: 4.922 GC heap after
Heap after GC invocations=7 (full 2):
 PSYoungGen      total 202240K, used 0K [0x00000000e0000000, 0x00000000ee800000, 0x0000000100000000)
  eden space 194560K, 0% used [0x00000000e0000000,0x00000000e0000000,0x00000000ebe00000)
  from space 7680K, 0% used [0x00000000ebe00000,0x00000000ebe00000,0x00000000ec580000)
  to   space 15360K, 0% used [0x00000000ed900000,0x00000000ed900000,0x00000000ee800000)
 ParOldGen       total 148480K, used 16976K [0x00000000a0000000, 0x00000000a9100000, 0x00000000e0000000)
  object space 148480K, 11% used [0x00000000a0000000,0x00000000a1094148,0x00000000a9100000)
 Metaspace       used 34467K, capacity 35366K, committed 35496K, reserved 1079296K
  class space    used 4714K, capacity 4972K, committed 5040K, reserved 1048576K
}

