# JRE version: OpenJDK Runtime Environment (8.0_242) (build 1.8.0_242-release-1644-b3-6222593)
# Java VM: OpenJDK 64-Bit Server VM (25.242-b3-6222593 mixed mode linux-amd64 compressed oops)
Heap:
 PSYoungGen      total 388096K, used 121244K [0x00000000e0000000, 0x0000000100000000, 0x0000000100000000)
  eden space 324608K, 37% used [0x00000000e0000000,0x00000000e7667250,0x00000000f3d00000)
  from space 63488K, 0% used [0x00000000fc200000,0x00000000fc200000,0x0000000100000000)
  to   space 99840K, 0% used [0x00000000f3d00000,0x00000000f3d00000,0x00000000f9e80000)
 ParOldGen       total 481280K, used 300977K [0x00000000a0000000, 0x00000000bd600000, 0x00000000e0000000)
  object space 481280K, 62% used [0x00000000a0000000,0x00000000b25ec7f8,0x00000000bd600000)
 Metaspace       used 159078K, capacity 168896K, committed 170368K, reserved 1198080K
  class space    used 20541K, capacity 22477K, committed 22656K, reserved 1048576K
GC Heap History (10 events):
Event: 677.370 GC heap before
{Heap before GC invocations=58 (full 6):
 PSYoungGen      total 449536K, used 416115K [0x00000000e0000000, 0x00000000ff800000, 0x0000000100000000)
  eden space 392192K, 100% used [0x00000000e0000000,0x00000000f7f00000,0x00000000f7f00000)
  from space 57344K, 41% used [0x00000000fc000000,0x00000000fd75cee0,0x00000000ff800000)
  to   space 61952K, 0% used [0x00000000f7f00000,0x00000000f7f00000,0x00000000fbb80000)
 ParOldGen       total 512000K, used 427590K [0x00000000a0000000, 0x00000000bf400000, 0x00000000e0000000)
  object space 512000K, 83% used [0x00000000a0000000,0x00000000ba191a40,0x00000000bf400000)
 Metaspace       used 158663K, capacity 168366K, committed 168704K, reserved 1196032K
  class space    used 20499K, capacity 22436K, committed 22528K, reserved 1048576K
Event: 677.397 GC heap after
Heap after GC invocations=58 (full 6):
 PSYoungGen      total 454144K, used 14722K [0x00000000e0000000, 0x00000000fff80000, 0x0000000100000000)
  eden space 392192K, 0% used [0x00000000e0000000,0x00000000e0000000,0x00000000f7f00000)
  from space 61952K, 23% used [0x00000000f7f00000,0x00000000f8d60990,0x00000000fbb80000)
  to   space 59392K, 0% used [0x00000000fc580000,0x00000000fc580000,0x00000000fff80000)
 ParOldGen       total 512000K, used 435134K [0x00000000a0000000, 0x00000000bf400000, 0x00000000e0000000)
  object space 512000K, 84% used [0x00000000a0000000,0x00000000ba8ef9e8,0x00000000bf400000)
 Metaspace       used 158663K, capacity 168366K, committed 168704K, reserved 1196032K
  class space    used 20499K, capacity 22436K, committed 22528K, reserved 1048576K
}
Event: 678.019 GC heap before
{Heap before GC invocations=59 (full 6):
 PSYoungGen      total 454144K, used 406914K [0x00000000e0000000, 0x00000000fff80000, 0x0000000100000000)
  eden space 392192K, 100% used [0x00000000e0000000,0x00000000f7f00000,0x00000000f7f00000)
  from space 61952K, 23% used [0x00000000f7f00000,0x00000000f8d60990,0x00000000fbb80000)
  to   space 59392K, 0% used [0x00000000fc580000,0x00000000fc580000,0x00000000fff80000)
 ParOldGen       total 512000K, used 435134K [0x00000000a0000000, 0x00000000bf400000, 0x00000000e0000000)
  object space 512000K, 84% used [0x00000000a0000000,0x00000000ba8ef9e8,0x00000000bf400000)
 Metaspace       used 158669K, capacity 168366K, committed 168704K, reserved 1196032K
  class space    used 20499K, capacity 22436K, committed 22528K, reserved 1048576K
Event: 678.034 GC heap after
Heap after GC invocations=59 (full 6):
 PSYoungGen      total 457216K, used 6086K [0x00000000e0000000, 0x00000000ffa80000, 0x0000000100000000)
  eden space 402944K, 0% used [0x00000000e0000000,0x00000000e0000000,0x00000000f8980000)
  from space 54272K, 11% used [0x00000000fc580000,0x00000000fcb71818,0x00000000ffa80000)
  to   space 57856K, 0% used [0x00000000f8980000,0x00000000f8980000,0x00000000fc200000)
 ParOldGen       total 512000K, used 443314K [0x00000000a0000000, 0x00000000bf400000, 0x00000000e0000000)
  object space 512000K, 86% used [0x00000000a0000000,0x00000000bb0ec8c8,0x00000000bf400000)
 Metaspace       used 158669K, capacity 168366K, committed 168704K, reserved 1196032K
  class space    used 20499K, capacity 22436K, committed 22528K, reserved 1048576K
}
Event: 678.694 GC heap before
{Heap before GC invocations=60 (full 6):
 PSYoungGen      total 457216K, used 409030K [0x00000000e0000000, 0x00000000ffa80000, 0x0000000100000000)
  eden space 402944K, 100% used [0x00000000e0000000,0x00000000f8980000,0x00000000f8980000)
  from space 54272K, 11% used [0x00000000fc580000,0x00000000fcb71818,0x00000000ffa80000)
  to   space 57856K, 0% used [0x00000000f8980000,0x00000000f8980000,0x00000000fc200000)
 ParOldGen       total 512000K, used 443314K [0x00000000a0000000, 0x00000000bf400000, 0x00000000e0000000)
  object space 512000K, 86% used [0x00000000a0000000,0x00000000bb0ec8c8,0x00000000bf400000)
 Metaspace       used 159304K, capacity 169144K, committed 169216K, reserved 1196032K
  class space    used 20586K, capacity 22523K, committed 22528K, reserved 1048576K
Event: 678.771 GC heap after
Heap after GC invocations=60 (full 6):
 PSYoungGen      total 460800K, used 57852K [0x00000000e0000000, 0x0000000100000000, 0x0000000100000000)
  eden space 402944K, 0% used [0x00000000e0000000,0x00000000e0000000,0x00000000f8980000)
  from space 57856K, 99% used [0x00000000f8980000,0x00000000fc1ff080,0x00000000fc200000)
  to   space 63488K, 0% used [0x00000000fc200000,0x00000000fc200000,0x0000000100000000)
 ParOldGen       total 512000K, used 456400K [0x00000000a0000000, 0x00000000bf400000, 0x00000000e0000000)
  object space 512000K, 89% used [0x00000000a0000000,0x00000000bbdb41b8,0x00000000bf400000)
 Metaspace       used 159304K, capacity 169144K, committed 169216K, reserved 1196032K
  class space    used 20586K, capacity 22523K, committed 22528K, reserved 1048576K
}
Event: 679.231 GC heap before
{Heap before GC invocations=61 (full 6):
 PSYoungGen      total 460800K, used 460796K [0x00000000e0000000, 0x0000000100000000, 0x0000000100000000)
  eden space 402944K, 100% used [0x00000000e0000000,0x00000000f8980000,0x00000000f8980000)
  from space 57856K, 99% used [0x00000000f8980000,0x00000000fc1ff080,0x00000000fc200000)
  to   space 63488K, 0% used [0x00000000fc200000,0x00000000fc200000,0x0000000100000000)
 ParOldGen       total 512000K, used 456400K [0x00000000a0000000, 0x00000000bf400000, 0x00000000e0000000)
  object space 512000K, 89% used [0x00000000a0000000,0x00000000bbdb41b8,0x00000000bf400000)
 Metaspace       used 160249K, capacity 170172K, committed 170368K, reserved 1198080K
  class space    used 20671K, capacity 22651K, committed 22656K, reserved 1048576K
Event: 679.294 GC heap after
Heap after GC invocations=61 (full 6):
 PSYoungGen      total 388096K, used 63480K [0x00000000e0000000, 0x0000000100000000, 0x0000000100000000)
  eden space 324608K, 0% used [0x00000000e0000000,0x00000000e0000000,0x00000000f3d00000)
  from space 63488K, 99% used [0x00000000fc200000,0x00000000ffffe0e0,0x0000000100000000)
  to   space 99840K, 0% used [0x00000000f3d00000,0x00000000f3d00000,0x00000000f9e80000)
 ParOldGen       total 512000K, used 502149K [0x00000000a0000000, 0x00000000bf400000, 0x00000000e0000000)
  object space 512000K, 98% used [0x00000000a0000000,0x00000000bea61660,0x00000000bf400000)
 Metaspace       used 160249K, capacity 170172K, committed 170368K, reserved 1198080K
  class space    used 20671K, capacity 22651K, committed 22656K, reserved 1048576K
}
Event: 679.294 GC heap before
{Heap before GC invocations=62 (full 7):
 PSYoungGen      total 388096K, used 63480K [0x00000000e0000000, 0x0000000100000000, 0x0000000100000000)
  eden space 324608K, 0% used [0x00000000e0000000,0x00000000e0000000,0x00000000f3d00000)
  from space 63488K, 99% used [0x00000000fc200000,0x00000000ffffe0e0,0x0000000100000000)
  to   space 99840K, 0% used [0x00000000f3d00000,0x00000000f3d00000,0x00000000f9e80000)
 ParOldGen       total 512000K, used 502149K [0x00000000a0000000, 0x00000000bf400000, 0x00000000e0000000)
  object space 512000K, 98% used [0x00000000a0000000,0x00000000bea61660,0x00000000bf400000)
 Metaspace       used 160249K, capacity 170172K, committed 170368K, reserved 1198080K
  class space    used 20671K, capacity 22651K, committed 22656K, reserved 1048576K
Event: 679.755 GC heap after
Heap after GC invocations=62 (full 7):
 PSYoungGen      total 388096K, used 0K [0x00000000e0000000, 0x0000000100000000, 0x0000000100000000)
  eden space 324608K, 0% used [0x00000000e0000000,0x00000000e0000000,0x00000000f3d00000)
  from space 63488K, 0% used [0x00000000fc200000,0x00000000fc200000,0x0000000100000000)
  to   space 99840K, 0% used [0x00000000f3d00000,0x00000000f3d00000,0x00000000f9e80000)
 ParOldGen       total 481280K, used 300977K [0x00000000a0000000, 0x00000000bd600000, 0x00000000e0000000)
  object space 481280K, 62% used [0x00000000a0000000,0x00000000b25ec7f8,0x00000000bd600000)
 Metaspace       used 159014K, capacity 168814K, committed 170368K, reserved 1198080K
  class space    used 20538K, capacity 22474K, committed 22656K, reserved 1048576K
}

